<?xml version="1.0" encoding="UTF-8"?>
<TestRun id="60af7d56-8ef1-4c00-ad91-76da60c66da5" name="Juannn@PERICONB 2010-03-17 01:00:51" runUser="PericoNB\Juannn" xmlns="http://microsoft.com/schemas/VisualStudio/TeamTest/2010">
  <TestSettings name="Local" id="1b61f091-9476-4e02-b34d-054308935607">
    <Description>These are default test settings for a local test run.</Description>
    <Deployment enabled="false" runDeploymentRoot="Juannn_PERICONB 2010-03-17 01_00_51">
      <DeploymentItem filename="c:\fuentes\Commands\Commands.Architecture\bin\Debug\Commands.Bus.dll" />
    </Deployment>
    <Execution>
      <TestTypeSpecific />
      <AgentRule name="Execution Agents">
      </AgentRule>
    </Execution>
  </TestSettings>
  <Times creation="2010-03-17T01:00:51.8100931-03:00" queuing="2010-03-17T01:00:53.5341917-03:00" start="2010-03-17T01:00:53.7892063-03:00" finish="2010-03-17T01:08:29.7862878-03:00" />
  <ResultSummary outcome="Error">
    <Counters total="1" executed="1" error="0" failed="0" timeout="0" aborted="1" inconclusive="0" passedButRunAborted="0" notRunnable="0" notExecuted="0" disconnected="0" warning="0" passed="0" completed="0" inProgress="0" pending="0" />
    <RunInfos>
      <RunInfo computerName="PERICONB" outcome="Error" timestamp="2010-03-17T01:08:29.7852878-03:00">
        <Text>Test host process exited unexpectedly.</Text>
      </RunInfo>
    </RunInfos>
  </ResultSummary>
  <TestDefinitions>
    <UnitTest name="Can_Publish_A_Message" storage="c:\fuentes\commands\commands.bus.tests\bin\debug\commands.bus.tests.dll" id="783cb204-2039-dcf1-c2d5-cfaf40a9c035">
      <Execution id="cfa3e9e6-9ead-4f85-bc32-531c4e282f0c" />
      <TestMethod codeBase="c:/fuentes/Commands/Commands.Bus.Tests/bin/Debug/Commands.Bus.Tests.DLL" adapterTypeName="Microsoft.VisualStudio.TestTools.TestTypes.Unit.UnitTestAdapter, Microsoft.VisualStudio.QualityTools.Tips.UnitTest.Adapter, Version=10.0.0.0, Culture=neutral, PublicKeyToken=b03f5f7f11d50a3a" className="Commands.Bus.Tests.DirectBusTests, Commands.Bus.Tests, Version=1.0.0.0, Culture=neutral, PublicKeyToken=null" name="Can_Publish_A_Message" />
    </UnitTest>
  </TestDefinitions>
  <TestLists>
    <TestList name="Results Not in a List" id="8c84fa94-04c1-424b-9868-57a2d4851a1d" />
    <TestList name="All Loaded Results" id="19431567-8539-422a-85d7-44ee4e166bda" />
  </TestLists>
  <TestEntries>
    <TestEntry testId="783cb204-2039-dcf1-c2d5-cfaf40a9c035" executionId="cfa3e9e6-9ead-4f85-bc32-531c4e282f0c" testListId="8c84fa94-04c1-424b-9868-57a2d4851a1d" />
  </TestEntries>
  <Results>
    <UnitTestResult executionId="cfa3e9e6-9ead-4f85-bc32-531c4e282f0c" testId="783cb204-2039-dcf1-c2d5-cfaf40a9c035" testName="Can_Publish_A_Message" computerName="PERICONB" duration="00:07:35.7710686" startTime="2010-03-17T01:00:54.0152192-03:00" endTime="2010-03-17T01:08:29.7862878-03:00" testType="13cdc9d9-ddb5-4fa4-a97d-d965ccfc6d4b" outcome="Aborted" testListId="8c84fa94-04c1-424b-9868-57a2d4851a1d" relativeResultsDirectory="cfa3e9e6-9ead-4f85-bc32-531c4e282f0c">
    </UnitTestResult>
  </Results>
</TestRun>