<?xml version="1.0" encoding="UTF-8"?>
<TestRun id="571a2a98-5bcd-4ae4-940c-4d67ed217cdb" name="Juannn@PERICONB 2010-03-17 23:18:14" runUser="PericoNB\Juannn" xmlns="http://microsoft.com/schemas/VisualStudio/TeamTest/2010">
  <TestSettings name="Local" id="1b61f091-9476-4e02-b34d-054308935607">
    <Description>These are default test settings for a local test run.</Description>
    <Deployment enabled="false" runDeploymentRoot="Juannn_PERICONB 2010-03-17 23_18_14">
      <DeploymentItem filename="c:\fuentes\Commands\Commands.Architecture\bin\Debug\Commands.Bus.dll" />
    </Deployment>
    <Execution>
      <TestTypeSpecific />
      <AgentRule name="Execution Agents">
      </AgentRule>
    </Execution>
  </TestSettings>
  <Times creation="2010-03-17T23:18:14.2875831-03:00" queuing="2010-03-17T23:18:16.3357002-03:00" start="2010-03-17T23:18:16.6217166-03:00" finish="2010-03-17T23:18:42.0941735-03:00" />
  <ResultSummary outcome="Error">
    <Counters total="1" executed="1" error="0" failed="0" timeout="0" aborted="1" inconclusive="0" passedButRunAborted="0" notRunnable="0" notExecuted="0" disconnected="0" warning="0" passed="0" completed="0" inProgress="0" pending="0" />
    <RunInfos>
      <RunInfo computerName="PERICONB" outcome="Error" timestamp="2010-03-17T23:18:42.0931735-03:00">
        <Text>Test host process exited unexpectedly.</Text>
      </RunInfo>
    </RunInfos>
  </ResultSummary>
  <TestDefinitions>
    <UnitTest name="Can_Publish_A_Message_To_Multiple_Handlers" storage="c:\fuentes\commands\commands.bus.tests\bin\debug\commands.bus.tests.dll" id="a45b07e8-54bd-29f3-2387-e20f32a220e5">
      <Execution id="4f899d91-a12b-47be-9d94-c798a776a3d3" />
      <TestMethod codeBase="c:/fuentes/Commands/Commands.Bus.Tests/bin/Debug/Commands.Bus.Tests.DLL" adapterTypeName="Microsoft.VisualStudio.TestTools.TestTypes.Unit.UnitTestAdapter, Microsoft.VisualStudio.QualityTools.Tips.UnitTest.Adapter, Version=10.0.0.0, Culture=neutral, PublicKeyToken=b03f5f7f11d50a3a" className="Commands.Bus.Tests.DirectBusTests, Commands.Bus.Tests, Version=1.0.0.0, Culture=neutral, PublicKeyToken=null" name="Can_Publish_A_Message_To_Multiple_Handlers" />
    </UnitTest>
  </TestDefinitions>
  <TestLists>
    <TestList name="Results Not in a List" id="8c84fa94-04c1-424b-9868-57a2d4851a1d" />
    <TestList name="All Loaded Results" id="19431567-8539-422a-85d7-44ee4e166bda" />
  </TestLists>
  <TestEntries>
    <TestEntry testId="a45b07e8-54bd-29f3-2387-e20f32a220e5" executionId="4f899d91-a12b-47be-9d94-c798a776a3d3" testListId="8c84fa94-04c1-424b-9868-57a2d4851a1d" />
  </TestEntries>
  <Results>
    <UnitTestResult executionId="4f899d91-a12b-47be-9d94-c798a776a3d3" testId="a45b07e8-54bd-29f3-2387-e20f32a220e5" testName="Can_Publish_A_Message_To_Multiple_Handlers" computerName="PERICONB" duration="00:00:25.2374435" startTime="2010-03-17T23:18:16.8567300-03:00" endTime="2010-03-17T23:18:42.0941735-03:00" testType="13cdc9d9-ddb5-4fa4-a97d-d965ccfc6d4b" outcome="Aborted" testListId="8c84fa94-04c1-424b-9868-57a2d4851a1d" relativeResultsDirectory="4f899d91-a12b-47be-9d94-c798a776a3d3">
    </UnitTestResult>
  </Results>
</TestRun>